v3 best.pt epoch 18; region1 x[41871:50665] y[17481:21198] tile 1024/ov256
=== z-chunk [450,475) ===
[r1_z450] 60 tile(s) to process
[r1_z450] tile 1/60 done (2%) -- elapsed 0.2min, avg 11.3s/tile, ETA 11.1min remaining
[r1_z450] tile 2/60 done (3%) -- elapsed 1.9min, avg 56.1s/tile, ETA 54.2min remaining
[r1_z450] tile 3/60 done (5%) -- elapsed 3.2min, avg 64.4s/tile, ETA 61.2min remaining
[r1_z450] tile 4/60 done (7%) -- elapsed 4.7min, avg 70.9s/tile, ETA 66.2min remaining
[r1_z450] tile 5/60 done (8%) -- elapsed 6.1min, avg 72.7s/tile, ETA 66.6min remaining
[r1_z450] tile 6/60 done (10%) -- elapsed 7.4min, avg 73.8s/tile, ETA 66.4min remaining
[r1_z450] tile 7/60 done (12%) -- elapsed 8.7min, avg 74.8s/tile, ETA 66.1min remaining
[r1_z450] tile 8/60 done (13%) -- elapsed 10.1min, avg 75.6s/tile, ETA 65.5min remaining
[r1_z450] tile 9/60 done (15%) -- elapsed 11.4min, avg 76.2s/tile, ETA 64.7min remaining
[r1_z450] tile 10/60 done (17%) -- elapsed 11.6min, avg 69.6s/tile, ETA 58.0min remaining
[r1_z450] tile 11/60 done (18%) -- elapsed 12.9min, avg 70.6s/tile, ETA 57.7min remaining
[r1_z450] tile 12/60 done (20%) -- elapsed 14.3min, avg 71.4s/tile, ETA 57.1min remaining
[r1_z450] tile 13/60 done (22%) -- elapsed 15.6min, avg 72.1s/tile, ETA 56.4min remaining
[r1_z450] tile 14/60 done (23%) -- elapsed 16.9min, avg 72.5s/tile, ETA 55.6min remaining
[r1_z450] tile 15/60 done (25%) -- elapsed 18.2min, avg 72.9s/tile, ETA 54.7min remaining
[r1_z450] tile 16/60 done (27%) -- elapsed 19.6min, avg 73.5s/tile, ETA 53.9min remaining
[r1_z450] tile 17/60 done (28%) -- elapsed 21.0min, avg 74.2s/tile, ETA 53.2min remaining
[r1_z450] tile 18/60 done (30%) -- elapsed 22.3min, avg 74.5s/tile, ETA 52.1min remaining
[r1_z450] tile 19/60 done (32%) -- elapsed 23.7min, avg 74.7s/tile, ETA 51.0min remaining
[r1_z450] tile 20/60 done (33%) -- elapsed 25.0min, avg 74.9s/tile, ETA 49.9min remaining
[r1_z450] tile 21/60 done (35%) -- elapsed 26.3min, avg 75.2s/tile, ETA 48.9min remaining
[r1_z450] tile 22/60 done (37%) -- elapsed 27.6min, avg 75.4s/tile, ETA 47.8min remaining
[r1_z450] tile 23/60 done (38%) -- elapsed 29.0min, avg 75.6s/tile, ETA 46.6min remaining
[r1_z450] tile 24/60 done (40%) -- elapsed 30.4min, avg 75.9s/tile, ETA 45.5min remaining
[r1_z450] tile 25/60 done (42%) -- elapsed 31.7min, avg 76.1s/tile, ETA 44.4min remaining
[r1_z450] tile 26/60 done (43%) -- elapsed 33.1min, avg 76.3s/tile, ETA 43.2min remaining
[r1_z450] tile 27/60 done (45%) -- elapsed 34.4min, avg 76.4s/tile, ETA 42.0min remaining
[r1_z450] tile 28/60 done (47%) -- elapsed 35.7min, avg 76.6s/tile, ETA 40.8min remaining
[r1_z450] tile 29/60 done (48%) -- elapsed 37.1min, avg 76.7s/tile, ETA 39.6min remaining
[r1_z450] tile 30/60 done (50%) -- elapsed 38.4min, avg 76.8s/tile, ETA 38.4min remaining
[r1_z450] tile 31/60 done (52%) -- elapsed 39.7min, avg 76.9s/tile, ETA 37.2min remaining
[r1_z450] tile 32/60 done (53%) -- elapsed 41.1min, avg 77.1s/tile, ETA 36.0min remaining
[r1_z450] tile 33/60 done (55%) -- elapsed 42.5min, avg 77.2s/tile, ETA 34.7min remaining
[r1_z450] tile 34/60 done (57%) -- elapsed 42.5min, avg 74.9s/tile, ETA 32.5min remaining
[r1_z450] tile 35/60 done (58%) -- elapsed 42.5min, avg 72.8s/tile, ETA 30.3min remaining
[r1_z450] tile 36/60 done (60%) -- elapsed 42.5min, avg 70.8s/tile, ETA 28.3min remaining
[r1_z450] tile 37/60 done (62%) -- elapsed 44.0min, avg 71.4s/tile, ETA 27.4min remaining
[r1_z450] tile 38/60 done (63%) -- elapsed 45.4min, avg 71.6s/tile, ETA 26.3min remaining
[r1_z450] tile 39/60 done (65%) -- elapsed 46.7min, avg 71.9s/tile, ETA 25.2min remaining
[r1_z450] tile 40/60 done (67%) -- elapsed 48.3min, avg 72.4s/tile, ETA 24.1min remaining
[r1_z450] tile 41/60 done (68%) -- elapsed 49.6min, avg 72.6s/tile, ETA 23.0min remaining
[r1_z450] tile 42/60 done (70%) -- elapsed 50.9min, avg 72.8s/tile, ETA 21.8min remaining
[r1_z450] tile 43/60 done (72%) -- elapsed 52.3min, avg 73.0s/tile, ETA 20.7min remaining
[r1_z450] tile 44/60 done (73%) -- elapsed 53.7min, avg 73.2s/tile, ETA 19.5min remaining
[r1_z450] tile 45/60 done (75%) -- elapsed 53.7min, avg 71.6s/tile, ETA 17.9min remaining
[r1_z450] tile 46/60 done (77%) -- elapsed 55.3min, avg 72.2s/tile, ETA 16.8min remaining
[r1_z450] tile 47/60 done (78%) -- elapsed 56.7min, avg 72.4s/tile, ETA 15.7min remaining
[r1_z450] tile 48/60 done (80%) -- elapsed 58.0min, avg 72.5s/tile, ETA 14.5min remaining
[r1_z450] tile 49/60 done (82%) -- elapsed 58.3min, avg 71.4s/tile, ETA 13.1min remaining
[r1_z450] tile 50/60 done (83%) -- elapsed 58.3min, avg 70.0s/tile, ETA 11.7min remaining
[r1_z450] tile 51/60 done (85%) -- elapsed 58.3min, avg 68.6s/tile, ETA 10.3min remaining
[r1_z450] tile 52/60 done (87%) -- elapsed 58.6min, avg 67.7s/tile, ETA 9.0min remaining
[r1_z450] tile 53/60 done (88%) -- elapsed 58.6min, avg 66.4s/tile, ETA 7.7min remaining
[r1_z450] tile 54/60 done (90%) -- elapsed 58.6min, avg 65.2s/tile, ETA 6.5min remaining
[r1_z450] tile 55/60 done (92%) -- elapsed 58.6min, avg 64.0s/tile, ETA 5.3min remaining
[r1_z450] tile 56/60 done (93%) -- elapsed 58.6min, avg 62.8s/tile, ETA 4.2min remaining
[r1_z450] tile 57/60 done (95%) -- elapsed 58.6min, avg 61.7s/tile, ETA 3.1min remaining
[r1_z450] tile 58/60 done (97%) -- elapsed 60.3min, avg 62.4s/tile, ETA 2.1min remaining
[r1_z450] tile 59/60 done (98%) -- elapsed 61.7min, avg 62.7s/tile, ETA 1.0min remaining
[r1_z450] tile 60/60 done (100%) -- elapsed 63.0min, avg 63.0s/tile, ETA 0.0min remaining
  z-chunk done, 123 neurons; cumulative 63.5 min
=== z-chunk [475,500) ===
[r1_z475] 60 tile(s) to process
[r1_z475] tile 1/60 done (2%) -- elapsed 0.2min, avg 10.9s/tile, ETA 10.7min remaining
[r1_z475] tile 2/60 done (3%) -- elapsed 1.5min, avg 46.4s/tile, ETA 44.8min remaining
[r1_z475] tile 3/60 done (5%) -- elapsed 2.9min, avg 57.4s/tile, ETA 54.5min remaining
[r1_z475] tile 4/60 done (7%) -- elapsed 4.4min, avg 65.6s/tile, ETA 61.2min remaining
[r1_z475] tile 5/60 done (8%) -- elapsed 5.7min, avg 68.7s/tile, ETA 63.0min remaining
[r1_z475] tile 6/60 done (10%) -- elapsed 7.1min, avg 70.9s/tile, ETA 63.8min remaining
[r1_z475] tile 7/60 done (12%) -- elapsed 7.1min, avg 60.8s/tile, ETA 53.7min remaining
[r1_z475] tile 8/60 done (13%) -- elapsed 7.1min, avg 53.2s/tile, ETA 46.1min remaining
[r1_z475] tile 9/60 done (15%) -- elapsed 7.1min, avg 47.3s/tile, ETA 40.2min remaining
[r1_z475] tile 10/60 done (17%) -- elapsed 7.3min, avg 43.6s/tile, ETA 36.3min remaining
[r1_z475] tile 11/60 done (18%) -- elapsed 7.3min, avg 39.6s/tile, ETA 32.4min remaining
[r1_z475] tile 12/60 done (20%) -- elapsed 7.3min, avg 36.3s/tile, ETA 29.1min remaining
[r1_z475] tile 13/60 done (22%) -- elapsed 8.6min, avg 39.8s/tile, ETA 31.2min remaining
[r1_z475] tile 14/60 done (23%) -- elapsed 10.0min, avg 42.7s/tile, ETA 32.8min remaining
[r1_z475] tile 15/60 done (25%) -- elapsed 11.3min, avg 45.2s/tile, ETA 33.9min remaining
[r1_z475] tile 16/60 done (27%) -- elapsed 12.6min, avg 47.3s/tile, ETA 34.7min remaining
[r1_z475] tile 17/60 done (28%) -- elapsed 13.9min, avg 49.2s/tile, ETA 35.3min remaining
[r1_z475] tile 18/60 done (30%) -- elapsed 15.3min, avg 50.9s/tile, ETA 35.6min remaining
[r1_z475] tile 19/60 done (32%) -- elapsed 16.6min, avg 52.5s/tile, ETA 35.9min remaining
[r1_z475] tile 20/60 done (33%) -- elapsed 18.0min, avg 53.9s/tile, ETA 36.0min remaining
[r1_z475] tile 21/60 done (35%) -- elapsed 19.3min, avg 55.3s/tile, ETA 35.9min remaining
[r1_z475] tile 22/60 done (37%) -- elapsed 19.3min, avg 52.7s/tile, ETA 33.4min remaining
[r1_z475] tile 23/60 done (38%) -- elapsed 20.7min, avg 54.0s/tile, ETA 33.3min remaining
[r1_z475] tile 24/60 done (40%) -- elapsed 22.0min, avg 55.1s/tile, ETA 33.1min remaining
[r1_z475] tile 25/60 done (42%) -- elapsed 23.4min, avg 56.2s/tile, ETA 32.8min remaining
[r1_z475] tile 26/60 done (43%) -- elapsed 24.8min, avg 57.2s/tile, ETA 32.4min remaining
[r1_z475] tile 27/60 done (45%) -- elapsed 26.1min, avg 58.1s/tile, ETA 32.0min remaining
[r1_z475] tile 28/60 done (47%) -- elapsed 27.5min, avg 58.9s/tile, ETA 31.4min remaining
[r1_z475] tile 29/60 done (48%) -- elapsed 28.8min, avg 59.6s/tile, ETA 30.8min remaining
[r1_z475] tile 30/60 done (50%) -- elapsed 30.1min, avg 60.3s/tile, ETA 30.1min remaining
[r1_z475] tile 31/60 done (52%) -- elapsed 31.5min, avg 60.9s/tile, ETA 29.5min remaining
[r1_z475] tile 32/60 done (53%) -- elapsed 32.9min, avg 61.6s/tile, ETA 28.8min remaining
[r1_z475] tile 33/60 done (55%) -- elapsed 34.2min, avg 62.2s/tile, ETA 28.0min remaining
[r1_z475] tile 34/60 done (57%) -- elapsed 34.2min, avg 60.4s/tile, ETA 26.2min remaining
[r1_z475] tile 35/60 done (58%) -- elapsed 34.2min, avg 58.7s/tile, ETA 24.4min remaining
[r1_z475] tile 36/60 done (60%) -- elapsed 34.2min, avg 57.0s/tile, ETA 22.8min remaining
[r1_z475] tile 37/60 done (62%) -- elapsed 35.8min, avg 58.0s/tile, ETA 22.2min remaining
[r1_z475] tile 38/60 done (63%) -- elapsed 37.1min, avg 58.6s/tile, ETA 21.5min remaining
[r1_z475] tile 39/60 done (65%) -- elapsed 37.1min, avg 57.1s/tile, ETA 20.0min remaining
[r1_z475] tile 40/60 done (67%) -- elapsed 37.3min, avg 55.9s/tile, ETA 18.6min remaining
[r1_z475] tile 41/60 done (68%) -- elapsed 38.6min, avg 56.5s/tile, ETA 17.9min remaining
[r1_z475] tile 42/60 done (70%) -- elapsed 39.9min, avg 57.0s/tile, ETA 17.1min remaining
[r1_z475] tile 43/60 done (72%) -- elapsed 41.2min, avg 57.5s/tile, ETA 16.3min remaining
[r1_z475] tile 44/60 done (73%) -- elapsed 42.6min, avg 58.1s/tile, ETA 15.5min remaining
[r1_z475] tile 45/60 done (75%) -- elapsed 43.9min, avg 58.5s/tile, ETA 14.6min remaining
[r1_z475] tile 46/60 done (77%) -- elapsed 45.5min, avg 59.4s/tile, ETA 13.9min remaining
[r1_z475] tile 47/60 done (78%) -- elapsed 46.8min, avg 59.8s/tile, ETA 13.0min remaining
[r1_z475] tile 48/60 done (80%) -- elapsed 48.2min, avg 60.2s/tile, ETA 12.0min remaining
[r1_z475] tile 49/60 done (82%) -- elapsed 49.8min, avg 61.0s/tile, ETA 11.2min remaining
[r1_z475] tile 50/60 done (83%) -- elapsed 51.1min, avg 61.3s/tile, ETA 10.2min remaining
[r1_z475] tile 51/60 done (85%) -- elapsed 51.1min, avg 60.1s/tile, ETA 9.0min remaining
[r1_z475] tile 52/60 done (87%) -- elapsed 51.4min, avg 59.3s/tile, ETA 7.9min remaining
[r1_z475] tile 53/60 done (88%) -- elapsed 51.4min, avg 58.2s/tile, ETA 6.8min remaining
[r1_z475] tile 54/60 done (90%) -- elapsed 51.4min, avg 57.1s/tile, ETA 5.7min remaining
[r1_z475] tile 55/60 done (92%) -- elapsed 51.4min, avg 56.1s/tile, ETA 4.7min remaining
[r1_z475] tile 56/60 done (93%) -- elapsed 52.7min, avg 56.5s/tile, ETA 3.8min remaining
[r1_z475] tile 57/60 done (95%) -- elapsed 54.0min, avg 56.9s/tile, ETA 2.8min remaining
[r1_z475] tile 58/60 done (97%) -- elapsed 55.7min, avg 57.6s/tile, ETA 1.9min remaining
[r1_z475] tile 59/60 done (98%) -- elapsed 57.0min, avg 58.0s/tile, ETA 1.0min remaining
[r1_z475] tile 60/60 done (100%) -- elapsed 58.4min, avg 58.4s/tile, ETA 0.0min remaining
  z-chunk done, 126 neurons; cumulative 122.4 min
DONE: 50 PNGs, z 450-499, start_x=41871 start_y=17481 tile 8794x3717
