device: cuda
checkpoint epoch 29
processing 3 largest region(s), 189 tiles total, z=[450,500)

[region0] bbox x[41016:49676] y[11612:15529] (8660x3917), 0.0min elapsed
[region0] 84 tile(s) to process
[region0] tile 1/84 done (1%) -- elapsed 0.6min, avg 36.2s/tile, ETA 50.1min remaining
[region0] tile 2/84 done (2%) -- elapsed 0.6min, avg 18.2s/tile, ETA 24.8min remaining
[region0] tile 3/84 done (4%) -- elapsed 0.6min, avg 12.1s/tile, ETA 16.4min remaining
[region0] tile 4/84 done (5%) -- elapsed 0.6min, avg 9.1s/tile, ETA 12.2min remaining
[region0] tile 5/84 done (6%) -- elapsed 0.6min, avg 7.3s/tile, ETA 9.6min remaining
[region0] tile 6/84 done (7%) -- elapsed 0.6min, avg 6.1s/tile, ETA 7.9min remaining
[region0] tile 7/84 done (8%) -- elapsed 1.6min, avg 13.8s/tile, ETA 17.7min remaining
[region0] tile 8/84 done (10%) -- elapsed 2.0min, avg 15.1s/tile, ETA 19.2min remaining
[region0] tile 9/84 done (11%) -- elapsed 2.0min, avg 13.5s/tile, ETA 16.8min remaining
[region0] tile 10/84 done (12%) -- elapsed 4.0min, avg 23.9s/tile, ETA 29.5min remaining
[region0] tile 11/84 done (13%) -- elapsed 5.6min, avg 30.4s/tile, ETA 37.0min remaining
[region0] tile 12/84 done (14%) -- elapsed 7.1min, avg 35.7s/tile, ETA 42.9min remaining
[region0] tile 13/84 done (15%) -- elapsed 8.3min, avg 38.1s/tile, ETA 45.1min remaining
[region0] tile 14/84 done (17%) -- elapsed 9.4min, avg 40.3s/tile, ETA 47.0min remaining
[region0] tile 15/84 done (18%) -- elapsed 10.0min, avg 39.9s/tile, ETA 45.9min remaining
[region0] tile 16/84 done (19%) -- elapsed 10.0min, avg 37.4s/tile, ETA 42.4min remaining
[region0] tile 17/84 done (20%) -- elapsed 10.0min, avg 35.2s/tile, ETA 39.3min remaining
[region0] tile 18/84 done (21%) -- elapsed 10.0min, avg 33.3s/tile, ETA 36.6min remaining
[region0] tile 19/84 done (23%) -- elapsed 10.0min, avg 31.5s/tile, ETA 34.1min remaining
[region0] tile 20/84 done (24%) -- elapsed 10.0min, avg 29.9s/tile, ETA 31.9min remaining
[region0] tile 21/84 done (25%) -- elapsed 11.0min, avg 31.3s/tile, ETA 32.9min remaining
[region0] tile 22/84 done (26%) -- elapsed 11.4min, avg 31.0s/tile, ETA 32.1min remaining
[region0] tile 23/84 done (27%) -- elapsed 11.4min, avg 29.7s/tile, ETA 30.2min remaining
[region0] tile 24/84 done (29%) -- elapsed 13.0min, avg 32.4s/tile, ETA 32.4min remaining
[region0] tile 25/84 done (30%) -- elapsed 14.5min, avg 34.9s/tile, ETA 34.3min remaining
[region0] tile 26/84 done (31%) -- elapsed 16.1min, avg 37.2s/tile, ETA 35.9min remaining
[region0] tile 27/84 done (32%) -- elapsed 17.1min, avg 38.0s/tile, ETA 36.1min remaining
[region0] tile 28/84 done (33%) -- elapsed 19.8min, avg 42.3s/tile, ETA 39.5min remaining
[region0] tile 29/84 done (35%) -- elapsed 20.0min, avg 41.5s/tile, ETA 38.0min remaining
[region0] tile 30/84 done (36%) -- elapsed 21.6min, avg 43.2s/tile, ETA 38.9min remaining
[region0] tile 31/84 done (37%) -- elapsed 21.6min, avg 41.8s/tile, ETA 37.0min remaining
[region0] tile 32/84 done (38%) -- elapsed 23.2min, avg 43.5s/tile, ETA 37.7min remaining
[region0] tile 33/84 done (39%) -- elapsed 23.2min, avg 42.2s/tile, ETA 35.8min remaining
[region0] tile 34/84 done (40%) -- elapsed 24.8min, avg 43.7s/tile, ETA 36.4min remaining
[region0] tile 35/84 done (42%) -- elapsed 26.5min, avg 45.5s/tile, ETA 37.2min remaining
[region0] tile 36/84 done (43%) -- elapsed 28.1min, avg 46.8s/tile, ETA 37.5min remaining
[region0] tile 37/84 done (44%) -- elapsed 29.7min, avg 48.2s/tile, ETA 37.7min remaining
[region0] tile 38/84 done (45%) -- elapsed 31.2min, avg 49.3s/tile, ETA 37.8min remaining
[region0] tile 39/84 done (46%) -- elapsed 32.8min, avg 50.5s/tile, ETA 37.8min remaining
[region0] tile 40/84 done (48%) -- elapsed 34.4min, avg 51.6s/tile, ETA 37.8min remaining
[region0] tile 41/84 done (49%) -- elapsed 34.7min, avg 50.7s/tile, ETA 36.3min remaining
[region0] tile 42/84 done (50%) -- elapsed 34.7min, avg 49.5s/tile, ETA 34.7min remaining
[region0] tile 43/84 done (51%) -- elapsed 36.5min, avg 51.0s/tile, ETA 34.8min remaining
[region0] tile 44/84 done (52%) -- elapsed 38.1min, avg 51.9s/tile, ETA 34.6min remaining
[region0] tile 45/84 done (54%) -- elapsed 39.7min, avg 52.9s/tile, ETA 34.4min remaining
[region0] tile 46/84 done (55%) -- elapsed 41.3min, avg 53.8s/tile, ETA 34.1min remaining
[region0] tile 47/84 done (56%) -- elapsed 42.9min, avg 54.7s/tile, ETA 33.7min remaining
[region0] tile 48/84 done (57%) -- elapsed 44.4min, avg 55.5s/tile, ETA 33.3min remaining
[region0] tile 49/84 done (58%) -- elapsed 46.1min, avg 56.5s/tile, ETA 32.9min remaining
[region0] tile 50/84 done (60%) -- elapsed 47.6min, avg 57.2s/tile, ETA 32.4min remaining
[region0] tile 51/84 done (61%) -- elapsed 49.2min, avg 57.9s/tile, ETA 31.8min remaining
[region0] tile 52/84 done (62%) -- elapsed 50.7min, avg 58.5s/tile, ETA 31.2min remaining
[region0] tile 53/84 done (63%) -- elapsed 52.3min, avg 59.2s/tile, ETA 30.6min remaining
[region0] tile 54/84 done (64%) -- elapsed 53.9min, avg 59.9s/tile, ETA 29.9min remaining
[region0] tile 55/84 done (65%) -- elapsed 55.8min, avg 60.8s/tile, ETA 29.4min remaining
[region0] tile 56/84 done (67%) -- elapsed 57.3min, avg 61.4s/tile, ETA 28.7min remaining
[region0] tile 57/84 done (68%) -- elapsed 57.6min, avg 60.7s/tile, ETA 27.3min remaining
[region0] tile 58/84 done (69%) -- elapsed 59.2min, avg 61.3s/tile, ETA 26.6min remaining
[region0] tile 59/84 done (70%) -- elapsed 60.8min, avg 61.9s/tile, ETA 25.8min remaining
[region0] tile 60/84 done (71%) -- elapsed 62.4min, avg 62.4s/tile, ETA 25.0min remaining
[region0] tile 61/84 done (73%) -- elapsed 64.0min, avg 62.9s/tile, ETA 24.1min remaining
[region0] tile 62/84 done (74%) -- elapsed 65.5min, avg 63.4s/tile, ETA 23.3min remaining
[region0] tile 63/84 done (75%) -- elapsed 67.2min, avg 64.0s/tile, ETA 22.4min remaining
[region0] tile 64/84 done (76%) -- elapsed 68.7min, avg 64.4s/tile, ETA 21.5min remaining
[region0] tile 65/84 done (77%) -- elapsed 70.2min, avg 64.8s/tile, ETA 20.5min remaining
[region0] tile 66/84 done (79%) -- elapsed 71.8min, avg 65.2s/tile, ETA 19.6min remaining
[region0] tile 67/84 done (80%) -- elapsed 73.3min, avg 65.6s/tile, ETA 18.6min remaining
[region0] tile 68/84 done (81%) -- elapsed 74.9min, avg 66.1s/tile, ETA 17.6min remaining
[region0] tile 69/84 done (82%) -- elapsed 76.7min, avg 66.7s/tile, ETA 16.7min remaining
[region0] tile 70/84 done (83%) -- elapsed 78.3min, avg 67.1s/tile, ETA 15.7min remaining
[region0] tile 71/84 done (85%) -- elapsed 78.6min, avg 66.4s/tile, ETA 14.4min remaining
[region0] tile 72/84 done (86%) -- elapsed 80.2min, avg 66.8s/tile, ETA 13.4min remaining
[region0] tile 73/84 done (87%) -- elapsed 81.7min, avg 67.2s/tile, ETA 12.3min remaining
[region0] tile 74/84 done (88%) -- elapsed 83.3min, avg 67.5s/tile, ETA 11.3min remaining
[region0] tile 75/84 done (89%) -- elapsed 84.8min, avg 67.8s/tile, ETA 10.2min remaining
[region0] tile 76/84 done (90%) -- elapsed 86.3min, avg 68.2s/tile, ETA 9.1min remaining
[region0] tile 77/84 done (92%) -- elapsed 88.0min, avg 68.6s/tile, ETA 8.0min remaining
[region0] tile 78/84 done (93%) -- elapsed 89.5min, avg 68.9s/tile, ETA 6.9min remaining
[region0] tile 79/84 done (94%) -- elapsed 91.1min, avg 69.2s/tile, ETA 5.8min remaining
[region0] tile 80/84 done (95%) -- elapsed 92.6min, avg 69.5s/tile, ETA 4.6min remaining
[region0] tile 81/84 done (96%) -- elapsed 92.6min, avg 68.6s/tile, ETA 3.4min remaining
[region0] tile 82/84 done (98%) -- elapsed 94.2min, avg 68.9s/tile, ETA 2.3min remaining
[region0] tile 83/84 done (99%) -- elapsed 96.1min, avg 69.5s/tile, ETA 1.2min remaining
[region0] tile 84/84 done (100%) -- elapsed 97.7min, avg 69.8s/tile, ETA 0.0min remaining
[region0] wrote 50 PNG(s), 97 real neuron(s): [2, 3, 6, 7, 9, 12, 13, 15, 16, 17, 18, 19, 20, 23, 24, 28, 29, 31, 33, 34, 36, 39, 40, 47, 48, 50, 51, 52, 53, 54, 56, 57, 59, 61, 63, 64, 65, 66, 67, 68, 74, 76, 77, 78, 80, 81, 82, 84, 85, 86, 87, 89, 90, 91, 92, 93, 94, 98, 100, 102, 108, 109, 112, 113, 114, 115, 116, 117, 120, 124, 126, 129, 131, 133, 135, 136, 137, 138, 139, 141, 142, 143, 144, 163, 164, 165, 167, 170, 171, 172, 173, 174, 175, 176, 182, 193, 208]

[region1] bbox x[41871:50665] y[17481:21198] (8794x3717), 98.8min elapsed
[region1] 84 tile(s) to process
[region1] tile 1/84 done (1%) -- elapsed 0.4min, avg 23.2s/tile, ETA 32.1min remaining
[region1] tile 2/84 done (2%) -- elapsed 0.4min, avg 11.7s/tile, ETA 15.9min remaining
[region1] tile 3/84 done (4%) -- elapsed 0.4min, avg 7.8s/tile, ETA 10.5min remaining
[region1] tile 4/84 done (5%) -- elapsed 0.4min, avg 5.9s/tile, ETA 7.8min remaining
[region1] tile 5/84 done (6%) -- elapsed 0.8min, avg 9.1s/tile, ETA 12.0min remaining
[region1] tile 6/84 done (7%) -- elapsed 2.5min, avg 24.8s/tile, ETA 32.2min remaining
[region1] tile 7/84 done (8%) -- elapsed 4.2min, avg 35.7s/tile, ETA 45.8min remaining
[region1] tile 8/84 done (10%) -- elapsed 4.2min, avg 31.2s/tile, ETA 39.6min remaining
[region1] tile 9/84 done (11%) -- elapsed 6.0min, avg 39.7s/tile, ETA 49.7min remaining
[region1] tile 10/84 done (12%) -- elapsed 6.0min, avg 35.8s/tile, ETA 44.1min remaining
[region1] tile 11/84 done (13%) -- elapsed 7.7min, avg 41.8s/tile, ETA 50.8min remaining
[region1] tile 12/84 done (14%) -- elapsed 8.0min, avg 40.1s/tile, ETA 48.1min remaining
[region1] tile 13/84 done (15%) -- elapsed 9.7min, avg 44.7s/tile, ETA 52.9min remaining
[region1] tile 14/84 done (17%) -- elapsed 9.7min, avg 41.5s/tile, ETA 48.4min remaining
[region1] tile 15/84 done (18%) -- elapsed 10.7min, avg 42.7s/tile, ETA 49.1min remaining
[region1] tile 16/84 done (19%) -- elapsed 12.3min, avg 46.2s/tile, ETA 52.4min remaining
[region1] tile 17/84 done (20%) -- elapsed 13.9min, avg 49.1s/tile, ETA 54.9min remaining
[region1] tile 18/84 done (21%) -- elapsed 15.5min, avg 51.8s/tile, ETA 56.9min remaining
[region1] tile 19/84 done (23%) -- elapsed 17.5min, avg 55.1s/tile, ETA 59.7min remaining
[region1] tile 20/84 done (24%) -- elapsed 19.0min, avg 57.1s/tile, ETA 60.9min remaining
[region1] tile 21/84 done (25%) -- elapsed 20.6min, avg 58.9s/tile, ETA 61.9min remaining
[region1] tile 22/84 done (26%) -- elapsed 22.3min, avg 60.8s/tile, ETA 62.8min remaining
[region1] tile 23/84 done (27%) -- elapsed 24.0min, avg 62.6s/tile, ETA 63.6min remaining
[region1] tile 24/84 done (29%) -- elapsed 24.0min, avg 60.0s/tile, ETA 60.0min remaining
[region1] tile 25/84 done (30%) -- elapsed 25.7min, avg 61.6s/tile, ETA 60.6min remaining
[region1] tile 26/84 done (31%) -- elapsed 27.7min, avg 63.8s/tile, ETA 61.7min remaining
[region1] tile 27/84 done (32%) -- elapsed 29.3min, avg 65.0s/tile, ETA 61.8min remaining
[region1] tile 28/84 done (33%) -- elapsed 30.9min, avg 66.3s/tile, ETA 61.9min remaining
[region1] tile 29/84 done (35%) -- elapsed 32.9min, avg 68.1s/tile, ETA 62.4min remaining
[region1] tile 30/84 done (36%) -- elapsed 34.5min, avg 69.1s/tile, ETA 62.2min remaining
[region1] tile 31/84 done (37%) -- elapsed 36.1min, avg 69.9s/tile, ETA 61.8min remaining
[region1] tile 32/84 done (38%) -- elapsed 37.7min, avg 70.6s/tile, ETA 61.2min remaining
[region1] tile 33/84 done (39%) -- elapsed 39.6min, avg 72.0s/tile, ETA 61.2min remaining
[region1] tile 34/84 done (40%) -- elapsed 41.2min, avg 72.7s/tile, ETA 60.6min remaining
[region1] tile 35/84 done (42%) -- elapsed 42.8min, avg 73.4s/tile, ETA 59.9min remaining
[region1] tile 36/84 done (43%) -- elapsed 44.4min, avg 74.1s/tile, ETA 59.3min remaining
[region1] tile 37/84 done (44%) -- elapsed 46.1min, avg 74.8s/tile, ETA 58.6min remaining
[region1] tile 38/84 done (45%) -- elapsed 46.1min, avg 72.8s/tile, ETA 55.8min remaining
[region1] tile 39/84 done (46%) -- elapsed 47.8min, avg 73.5s/tile, ETA 55.1min remaining
[region1] tile 40/84 done (48%) -- elapsed 48.1min, avg 72.2s/tile, ETA 52.9min remaining
[region1] tile 41/84 done (49%) -- elapsed 48.1min, avg 70.4s/tile, ETA 50.4min remaining
[region1] tile 42/84 done (50%) -- elapsed 48.1min, avg 68.7s/tile, ETA 48.1min remaining
[region1] tile 43/84 done (51%) -- elapsed 50.1min, avg 69.8s/tile, ETA 47.7min remaining
[region1] tile 44/84 done (52%) -- elapsed 51.7min, avg 70.5s/tile, ETA 47.0min remaining
[region1] tile 45/84 done (54%) -- elapsed 53.3min, avg 71.1s/tile, ETA 46.2min remaining
[region1] tile 46/84 done (55%) -- elapsed 55.0min, avg 71.7s/tile, ETA 45.4min remaining
[region1] tile 47/84 done (56%) -- elapsed 56.9min, avg 72.6s/tile, ETA 44.8min remaining
[region1] tile 48/84 done (57%) -- elapsed 58.5min, avg 73.1s/tile, ETA 43.9min remaining
[region1] tile 49/84 done (58%) -- elapsed 60.0min, avg 73.5s/tile, ETA 42.9min remaining
[region1] tile 50/84 done (60%) -- elapsed 61.6min, avg 73.9s/tile, ETA 41.9min remaining
[region1] tile 51/84 done (61%) -- elapsed 63.2min, avg 74.3s/tile, ETA 40.9min remaining
[region1] tile 52/84 done (62%) -- elapsed 64.7min, avg 74.7s/tile, ETA 39.8min remaining
[region1] tile 53/84 done (63%) -- elapsed 64.7min, avg 73.3s/tile, ETA 37.9min remaining
[region1] tile 54/84 done (64%) -- elapsed 65.0min, avg 72.2s/tile, ETA 36.1min remaining
[region1] tile 55/84 done (65%) -- elapsed 65.0min, avg 70.9s/tile, ETA 34.3min remaining
[region1] tile 56/84 done (67%) -- elapsed 65.0min, avg 69.7s/tile, ETA 32.5min remaining
[region1] tile 57/84 done (68%) -- elapsed 65.7min, avg 69.2s/tile, ETA 31.1min remaining
[region1] tile 58/84 done (69%) -- elapsed 67.3min, avg 69.7s/tile, ETA 30.2min remaining
[region1] tile 59/84 done (70%) -- elapsed 67.3min, avg 68.5s/tile, ETA 28.5min remaining
[region1] tile 60/84 done (71%) -- elapsed 67.3min, avg 67.3s/tile, ETA 26.9min remaining
[region1] tile 61/84 done (73%) -- elapsed 68.4min, avg 67.3s/tile, ETA 25.8min remaining
[region1] tile 62/84 done (74%) -- elapsed 68.9min, avg 66.6s/tile, ETA 24.4min remaining
[region1] tile 63/84 done (75%) -- elapsed 68.9min, avg 65.6s/tile, ETA 23.0min remaining
[region1] tile 64/84 done (76%) -- elapsed 70.4min, avg 66.0s/tile, ETA 22.0min remaining
[region1] tile 65/84 done (77%) -- elapsed 72.0min, avg 66.5s/tile, ETA 21.0min remaining
[region1] tile 66/84 done (79%) -- elapsed 73.6min, avg 66.9s/tile, ETA 20.1min remaining
[region1] tile 67/84 done (80%) -- elapsed 75.1min, avg 67.3s/tile, ETA 19.1min remaining
[region1] tile 68/84 done (81%) -- elapsed 77.8min, avg 68.7s/tile, ETA 18.3min remaining
[region1] tile 69/84 done (82%) -- elapsed 79.8min, avg 69.4s/tile, ETA 17.3min remaining
[region1] tile 70/84 done (83%) -- elapsed 81.4min, avg 69.7s/tile, ETA 16.3min remaining
[region1] tile 71/84 done (85%) -- elapsed 82.0min, avg 69.3s/tile, ETA 15.0min remaining
[region1] tile 72/84 done (86%) -- elapsed 83.5min, avg 69.6s/tile, ETA 13.9min remaining
[region1] tile 73/84 done (87%) -- elapsed 83.6min, avg 68.7s/tile, ETA 12.6min remaining
[region1] tile 74/84 done (88%) -- elapsed 83.6min, avg 67.7s/tile, ETA 11.3min remaining
[region1] tile 75/84 done (89%) -- elapsed 84.5min, avg 67.6s/tile, ETA 10.1min remaining
[region1] tile 76/84 done (90%) -- elapsed 84.9min, avg 67.1s/tile, ETA 8.9min remaining
[region1] tile 77/84 done (92%) -- elapsed 84.9min, avg 66.2s/tile, ETA 7.7min remaining
[region1] tile 78/84 done (93%) -- elapsed 85.0min, avg 65.3s/tile, ETA 6.5min remaining
[region1] tile 79/84 done (94%) -- elapsed 86.5min, avg 65.7s/tile, ETA 5.5min remaining
[region1] tile 80/84 done (95%) -- elapsed 88.1min, avg 66.1s/tile, ETA 4.4min remaining
[region1] tile 81/84 done (96%) -- elapsed 89.7min, avg 66.4s/tile, ETA 3.3min remaining
[region1] tile 82/84 done (98%) -- elapsed 92.2min, avg 67.5s/tile, ETA 2.2min remaining
[region1] tile 83/84 done (99%) -- elapsed 94.2min, avg 68.1s/tile, ETA 1.1min remaining
[region1] tile 84/84 done (100%) -- elapsed 95.8min, avg 68.4s/tile, ETA 0.0min remaining
[region1] wrote 50 PNG(s), 129 real neuron(s): [3, 4, 6, 8, 9, 10, 12, 13, 14, 15, 16, 17, 18, 19, 20, 21, 22, 23, 24, 25, 26, 27, 28, 29, 30, 31, 32, 33, 34, 35, 36, 37, 38, 39, 40, 41, 42, 43, 44, 45, 46, 47, 48, 49, 50, 51, 52, 53, 54, 55, 58, 60, 61, 62, 66, 68, 73, 78, 79, 80, 85, 86, 87, 88, 89, 90, 95, 96, 98, 100, 101, 102, 103, 104, 105, 106, 107, 108, 109, 110, 111, 115, 117, 118, 119, 120, 121, 123, 124, 125, 126, 127, 135, 139, 142, 144, 145, 146, 147, 148, 149, 150, 152, 154, 155, 156, 157, 158, 159, 161, 162, 164, 165, 167, 168, 177, 178, 179, 180, 181, 183, 185, 187, 188, 189, 190, 191, 204, 206]

[region2] bbox x[49034:53541] y[17774:19349] (4507x1575), 195.6min elapsed
[region2] 21 tile(s) to process
[region2] tile 1/21 done (5%) -- elapsed 0.3min, avg 17.3s/tile, ETA 5.8min remaining
[region2] tile 2/21 done (10%) -- elapsed 1.9min, avg 56.9s/tile, ETA 18.0min remaining
[region2] tile 3/21 done (14%) -- elapsed 1.9min, avg 38.0s/tile, ETA 11.4min remaining
[region2] tile 4/21 done (19%) -- elapsed 3.5min, avg 52.2s/tile, ETA 14.8min remaining
[region2] tile 5/21 done (24%) -- elapsed 5.1min, avg 60.8s/tile, ETA 16.2min remaining
[region2] tile 6/21 done (29%) -- elapsed 6.7min, avg 66.6s/tile, ETA 16.6min remaining
[region2] tile 7/21 done (33%) -- elapsed 7.1min, avg 60.5s/tile, ETA 14.1min remaining
[region2] tile 8/21 done (38%) -- elapsed 8.9min, avg 66.7s/tile, ETA 14.4min remaining
[region2] tile 9/21 done (43%) -- elapsed 10.5min, avg 69.7s/tile, ETA 13.9min remaining
[region2] tile 10/21 done (48%) -- elapsed 12.0min, avg 72.1s/tile, ETA 13.2min remaining
[region2] tile 11/21 done (52%) -- elapsed 13.6min, avg 73.9s/tile, ETA 12.3min remaining
[region2] tile 12/21 done (57%) -- elapsed 15.1min, avg 75.6s/tile, ETA 11.3min remaining
[region2] tile 13/21 done (62%) -- elapsed 16.8min, avg 77.4s/tile, ETA 10.3min remaining
[region2] tile 14/21 done (67%) -- elapsed 18.7min, avg 80.2s/tile, ETA 9.4min remaining
[region2] tile 15/21 done (71%) -- elapsed 20.8min, avg 83.1s/tile, ETA 8.3min remaining
[region2] tile 16/21 done (76%) -- elapsed 22.4min, avg 84.2s/tile, ETA 7.0min remaining
[region2] tile 17/21 done (81%) -- elapsed 24.1min, avg 85.2s/tile, ETA 5.7min remaining
[region2] tile 18/21 done (86%) -- elapsed 25.8min, avg 85.9s/tile, ETA 4.3min remaining
[region2] tile 19/21 done (90%) -- elapsed 27.4min, avg 86.5s/tile, ETA 2.9min remaining
[region2] tile 20/21 done (95%) -- elapsed 29.0min, avg 87.1s/tile, ETA 1.5min remaining
[region2] tile 21/21 done (100%) -- elapsed 31.0min, avg 88.7s/tile, ETA 0.0min remaining
[region2] wrote 50 PNG(s), 3 real neuron(s): [156, 204, 206]

DONE in 226.9min. Total 150 PNG(s) across 3 region(s).
